2020-09-13 14:36:48,422 [1] INFO Microsoft.Hosting.Lifetime - Now listening on: https://localhost:5001
2020-09-13 14:36:48,429 [1] INFO Microsoft.Hosting.Lifetime - Now listening on: http://localhost:5000
2020-09-13 14:36:48,431 [1] INFO Microsoft.Hosting.Lifetime - Application started. Press Ctrl+C to shut down.
2020-09-13 14:36:48,432 [1] INFO Microsoft.Hosting.Lifetime - Hosting environment: Development
2020-09-13 14:36:48,434 [1] INFO Microsoft.Hosting.Lifetime - Content root path: E:\projecten\dotnet\SmtpMailtrap\SmtpMailtrap.Website
2020-09-13 14:36:56,460 [10] ERROR Microsoft.AspNetCore.Mvc.ViewFeatures.ViewResultExecutor - The view 'Index' was not found. Searched locations: /Views/Mailbox/Index.cshtml, /Views/Shared/Index.cshtml, /Pages/Shared/Index.cshtml
2020-09-13 14:36:56,500 [10] ERROR Microsoft.AspNetCore.Diagnostics.DeveloperExceptionPageMiddleware - An unhandled exception has occurred while executing the request.
System.InvalidOperationException: The view 'Index' was not found. The following locations were searched:
/Views/Mailbox/Index.cshtml
/Views/Shared/Index.cshtml
/Pages/Shared/Index.cshtml
   at Microsoft.AspNetCore.Mvc.ViewEngines.ViewEngineResult.EnsureSuccessful(IEnumerable`1 originalLocations)
   at Microsoft.AspNetCore.Mvc.ViewFeatures.ViewResultExecutor.ExecuteAsync(ActionContext context, ViewResult result)
   at Microsoft.AspNetCore.Mvc.ViewResult.ExecuteResultAsync(ActionContext context)
   at Microsoft.AspNetCore.Mvc.Infrastructure.ResourceInvoker.<InvokeNextResultFilterAsync>g__Awaited|29_0[TFilter,TFilterAsync](ResourceInvoker invoker, Task lastTask, State next, Scope scope, Object state, Boolean isCompleted)
   at Microsoft.AspNetCore.Mvc.Infrastructure.ResourceInvoker.Rethrow(ResultExecutedContextSealed context)
   at Microsoft.AspNetCore.Mvc.Infrastructure.ResourceInvoker.ResultNext[TFilter,TFilterAsync](State& next, Scope& scope, Object& state, Boolean& isCompleted)
   at Microsoft.AspNetCore.Mvc.Infrastructure.ResourceInvoker.InvokeResultFilters()
--- End of stack trace from previous location where exception was thrown ---
   at Microsoft.AspNetCore.Mvc.Infrastructure.ResourceInvoker.<InvokeNextResourceFilter>g__Awaited|24_0(ResourceInvoker invoker, Task lastTask, State next, Scope scope, Object state, Boolean isCompleted)
   at Microsoft.AspNetCore.Mvc.Infrastructure.ResourceInvoker.Rethrow(ResourceExecutedContextSealed context)
   at Microsoft.AspNetCore.Mvc.Infrastructure.ResourceInvoker.Next(State& next, Scope& scope, Object& state, Boolean& isCompleted)
   at Microsoft.AspNetCore.Mvc.Infrastructure.ResourceInvoker.InvokeFilterPipelineAsync()
--- End of stack trace from previous location where exception was thrown ---
   at Microsoft.AspNetCore.Mvc.Infrastructure.ResourceInvoker.<InvokeAsync>g__Awaited|17_0(ResourceInvoker invoker, Task task, IDisposable scope)
   at Microsoft.AspNetCore.Routing.EndpointMiddleware.<Invoke>g__AwaitRequestTask|6_0(Endpoint endpoint, Task requestTask, ILogger logger)
   at Microsoft.AspNetCore.Authorization.AuthorizationMiddleware.Invoke(HttpContext context)
   at Microsoft.AspNetCore.Authentication.AuthenticationMiddleware.Invoke(HttpContext context)
   at Microsoft.AspNetCore.Diagnostics.EntityFrameworkCore.MigrationsEndPointMiddleware.Invoke(HttpContext context)
   at Microsoft.AspNetCore.Diagnostics.EntityFrameworkCore.DatabaseErrorPageMiddleware.Invoke(HttpContext httpContext)
   at Microsoft.AspNetCore.Diagnostics.EntityFrameworkCore.DatabaseErrorPageMiddleware.Invoke(HttpContext httpContext)
   at Microsoft.AspNetCore.Diagnostics.DeveloperExceptionPageMiddleware.Invoke(HttpContext context)
2020-09-14 21:01:14,027 [1] INFO Microsoft.Hosting.Lifetime - Now listening on: https://localhost:5001
2020-09-14 21:01:14,037 [1] INFO Microsoft.Hosting.Lifetime - Now listening on: http://localhost:5000
2020-09-14 21:01:14,039 [1] INFO Microsoft.Hosting.Lifetime - Application started. Press Ctrl+C to shut down.
2020-09-14 21:01:14,040 [1] INFO Microsoft.Hosting.Lifetime - Hosting environment: Development
2020-09-14 21:01:14,041 [1] INFO Microsoft.Hosting.Lifetime - Content root path: E:\projecten\dotnet\SmtpMailtrap\SmtpMailtrap.Website
2020-09-14 21:12:12,798 [1] INFO Microsoft.Hosting.Lifetime - Now listening on: https://localhost:5001
2020-09-14 21:12:12,806 [1] INFO Microsoft.Hosting.Lifetime - Now listening on: http://localhost:5000
2020-09-14 21:12:12,807 [1] INFO Microsoft.Hosting.Lifetime - Application started. Press Ctrl+C to shut down.
2020-09-14 21:12:12,809 [1] INFO Microsoft.Hosting.Lifetime - Hosting environment: Development
2020-09-14 21:12:12,811 [1] INFO Microsoft.Hosting.Lifetime - Content root path: E:\projecten\dotnet\SmtpMailtrap\SmtpMailtrap.Website
2020-09-14 21:16:27,450 [1] INFO Microsoft.Hosting.Lifetime - Now listening on: https://localhost:5001
2020-09-14 21:16:27,459 [1] INFO Microsoft.Hosting.Lifetime - Now listening on: http://localhost:5000
2020-09-14 21:16:27,461 [1] INFO Microsoft.Hosting.Lifetime - Application started. Press Ctrl+C to shut down.
2020-09-14 21:16:27,464 [1] INFO Microsoft.Hosting.Lifetime - Hosting environment: Development
2020-09-14 21:16:27,466 [1] INFO Microsoft.Hosting.Lifetime - Content root path: E:\projecten\dotnet\SmtpMailtrap\SmtpMailtrap.Website
2020-09-14 21:16:46,501 [9] ERROR Microsoft.EntityFrameworkCore.Query - An exception occurred while iterating over the results of a query for context type 'SmtpMailtrap.Common.Data.ApplicationDbContext'.
System.InvalidOperationException: The type of navigation property 'Mails' on the entity type 'Mailbox' is 'DbSet<Mail>' for which it was not possible to create a concrete instance. Either initialize the property before use, add a public parameterless constructor to the type, or use a type which can be assigned a HashSet<> or List<>.
   at Microsoft.EntityFrameworkCore.Metadata.Internal.ClrICollectionAccessor`3.GetOrCreateCollection(Object instance, Boolean forMaterialization)
   at Microsoft.EntityFrameworkCore.Metadata.Internal.ClrICollectionAccessor`3.GetOrCreate(Object entity, Boolean forMaterialization)
   at Microsoft.EntityFrameworkCore.Query.RelationalShapedQueryCompilingExpressionVisitor.CustomShaperCompilingExpressionVisitor.InitializeIncludeCollection[TParent,TNavigationEntity](Int32 collectionId, QueryContext queryContext, DbDataReader dbDataReader, ResultCoordinator resultCoordinator, TParent entity, Func`3 parentIdentifier, Func`3 outerIdentifier, INavigation navigation, IClrCollectionAccessor clrCollectionAccessor, Boolean trackingQuery)
   at lambda_method(Closure , QueryContext , DbDataReader , ResultContext , Int32[] , ResultCoordinator )
   at Microsoft.EntityFrameworkCore.Query.Internal.QueryingEnumerable`1.Enumerator.MoveNext()
System.InvalidOperationException: The type of navigation property 'Mails' on the entity type 'Mailbox' is 'DbSet<Mail>' for which it was not possible to create a concrete instance. Either initialize the property before use, add a public parameterless constructor to the type, or use a type which can be assigned a HashSet<> or List<>.
   at Microsoft.EntityFrameworkCore.Metadata.Internal.ClrICollectionAccessor`3.GetOrCreateCollection(Object instance, Boolean forMaterialization)
   at Microsoft.EntityFrameworkCore.Metadata.Internal.ClrICollectionAccessor`3.GetOrCreate(Object entity, Boolean forMaterialization)
   at Microsoft.EntityFrameworkCore.Query.RelationalShapedQueryCompilingExpressionVisitor.CustomShaperCompilingExpressionVisitor.InitializeIncludeCollection[TParent,TNavigationEntity](Int32 collectionId, QueryContext queryContext, DbDataReader dbDataReader, ResultCoordinator resultCoordinator, TParent entity, Func`3 parentIdentifier, Func`3 outerIdentifier, INavigation navigation, IClrCollectionAccessor clrCollectionAccessor, Boolean trackingQuery)
   at lambda_method(Closure , QueryContext , DbDataReader , ResultContext , Int32[] , ResultCoordinator )
   at Microsoft.EntityFrameworkCore.Query.Internal.QueryingEnumerable`1.Enumerator.MoveNext()
2020-09-14 21:20:08,754 [1] INFO Microsoft.Hosting.Lifetime - Now listening on: https://localhost:5001
2020-09-14 21:20:08,763 [1] INFO Microsoft.Hosting.Lifetime - Now listening on: http://localhost:5000
2020-09-14 21:20:08,765 [1] INFO Microsoft.Hosting.Lifetime - Application started. Press Ctrl+C to shut down.
2020-09-14 21:20:08,766 [1] INFO Microsoft.Hosting.Lifetime - Hosting environment: Development
2020-09-14 21:20:08,767 [1] INFO Microsoft.Hosting.Lifetime - Content root path: E:\projecten\dotnet\SmtpMailtrap\SmtpMailtrap.Website
2020-09-14 21:33:40,034 [1] INFO Microsoft.Hosting.Lifetime - Now listening on: https://localhost:5001
2020-09-14 21:33:40,044 [1] INFO Microsoft.Hosting.Lifetime - Now listening on: http://localhost:5000
2020-09-14 21:33:40,045 [1] INFO Microsoft.Hosting.Lifetime - Application started. Press Ctrl+C to shut down.
2020-09-14 21:33:40,046 [1] INFO Microsoft.Hosting.Lifetime - Hosting environment: Development
2020-09-14 21:33:40,047 [1] INFO Microsoft.Hosting.Lifetime - Content root path: E:\projecten\dotnet\SmtpMailtrap\SmtpMailtrap.Website
2020-09-14 21:34:27,058 [10] ERROR Microsoft.EntityFrameworkCore.Query - An exception occurred while iterating over the results of a query for context type 'SmtpMailtrap.Common.Data.ApplicationDbContext'.
System.InvalidOperationException: The type of navigation property 'Mails' on the entity type 'Mailbox' is 'DbSet<Mail>' for which it was not possible to create a concrete instance. Either initialize the property before use, add a public parameterless constructor to the type, or use a type which can be assigned a HashSet<> or List<>.
   at Microsoft.EntityFrameworkCore.Metadata.Internal.ClrICollectionAccessor`3.GetOrCreateCollection(Object instance, Boolean forMaterialization)
   at Microsoft.EntityFrameworkCore.Metadata.Internal.ClrICollectionAccessor`3.GetOrCreate(Object entity, Boolean forMaterialization)
   at Microsoft.EntityFrameworkCore.Query.RelationalShapedQueryCompilingExpressionVisitor.CustomShaperCompilingExpressionVisitor.InitializeIncludeCollection[TParent,TNavigationEntity](Int32 collectionId, QueryContext queryContext, DbDataReader dbDataReader, ResultCoordinator resultCoordinator, TParent entity, Func`3 parentIdentifier, Func`3 outerIdentifier, INavigation navigation, IClrCollectionAccessor clrCollectionAccessor, Boolean trackingQuery)
   at lambda_method(Closure , QueryContext , DbDataReader , ResultContext , Int32[] , ResultCoordinator )
   at Microsoft.EntityFrameworkCore.Query.Internal.QueryingEnumerable`1.Enumerator.MoveNext()
System.InvalidOperationException: The type of navigation property 'Mails' on the entity type 'Mailbox' is 'DbSet<Mail>' for which it was not possible to create a concrete instance. Either initialize the property before use, add a public parameterless constructor to the type, or use a type which can be assigned a HashSet<> or List<>.
   at Microsoft.EntityFrameworkCore.Metadata.Internal.ClrICollectionAccessor`3.GetOrCreateCollection(Object instance, Boolean forMaterialization)
   at Microsoft.EntityFrameworkCore.Metadata.Internal.ClrICollectionAccessor`3.GetOrCreate(Object entity, Boolean forMaterialization)
   at Microsoft.EntityFrameworkCore.Query.RelationalShapedQueryCompilingExpressionVisitor.CustomShaperCompilingExpressionVisitor.InitializeIncludeCollection[TParent,TNavigationEntity](Int32 collectionId, QueryContext queryContext, DbDataReader dbDataReader, ResultCoordinator resultCoordinator, TParent entity, Func`3 parentIdentifier, Func`3 outerIdentifier, INavigation navigation, IClrCollectionAccessor clrCollectionAccessor, Boolean trackingQuery)
   at lambda_method(Closure , QueryContext , DbDataReader , ResultContext , Int32[] , ResultCoordinator )
   at Microsoft.EntityFrameworkCore.Query.Internal.QueryingEnumerable`1.Enumerator.MoveNext()
2020-09-14 22:12:41,990 [1] INFO Microsoft.Hosting.Lifetime - Now listening on: https://localhost:5001
2020-09-14 22:12:41,997 [1] INFO Microsoft.Hosting.Lifetime - Now listening on: http://localhost:5000
2020-09-14 22:12:41,999 [1] INFO Microsoft.Hosting.Lifetime - Application started. Press Ctrl+C to shut down.
2020-09-14 22:12:42,000 [1] INFO Microsoft.Hosting.Lifetime - Hosting environment: Development
2020-09-14 22:12:42,002 [1] INFO Microsoft.Hosting.Lifetime - Content root path: E:\projecten\dotnet\SmtpMailtrap\SmtpMailtrap.Website
